This file contains any messages produced by compilers while
running configure, to aid debugging if configure makes a mistake.

It was created by libenet configure 11-3-2003, which was
generated by GNU Autoconf 2.57.  Invocation command line was

  $ ./configure 

## --------- ##
## Platform. ##
## --------- ##

hostname = ahmed-laptop
uname -m = x86_64
uname -r = 2.6.20-16-generic
uname -s = Linux
uname -v = #2 SMP Sun Sep 23 18:31:23 UTC 2007

/usr/bin/uname -p = unknown
/bin/uname -X     = unknown

/bin/arch              = x86_64
/usr/bin/arch -k       = unknown
/usr/convex/getsysinfo = unknown
hostinfo               = unknown
/bin/machine           = unknown
/usr/bin/oslevel       = unknown
/bin/universe          = unknown

PATH: /usr/local/sbin
PATH: /usr/local/bin
PATH: /usr/sbin
PATH: /usr/bin
PATH: /sbin
PATH: /bin
PATH: /usr/games


## ----------- ##
## Core tests. ##
## ----------- ##

configure:1277: checking for a BSD-compatible install
configure:1331: result: /usr/bin/install -c
configure:1342: checking whether build environment is sane
configure:1385: result: yes
configure:1410: WARNING: `missing' script is too old or missing
configure:1418: checking for gawk
configure:1447: result: no
configure:1418: checking for mawk
configure:1434: found /usr/bin/mawk
configure:1444: result: mawk
configure:1454: checking whether make sets $(MAKE)
configure:1474: result: yes
configure:1685: checking for gcc
configure:1701: found /usr/bin/gcc
configure:1711: result: gcc
configure:1955: checking for C compiler version
configure:1958: gcc --version </dev/null >&5
gcc (GCC) 4.1.2 (Ubuntu 4.1.2-0ubuntu4)
Copyright (C) 2006 Free Software Foundation, Inc.
This is free software; see the source for copying conditions.  There is NO
warranty; not even for MERCHANTABILITY or FITNESS FOR A PARTICULAR PURPOSE.

configure:1961: $? = 0
configure:1963: gcc -v </dev/null >&5
Using built-in specs.
Target: x86_64-linux-gnu
Configured with: ../src/configure -v --enable-languages=c,c++,fortran,objc,obj-c++,treelang --prefix=/usr --enable-shared --with-system-zlib --libexecdir=/usr/lib --without-included-gettext --enable-threads=posix --enable-nls --program-suffix=-4.1 --enable-__cxa_atexit --enable-clocale=gnu --enable-libstdcxx-debug --enable-mpfr --enable-checking=release x86_64-linux-gnu
Thread model: posix
gcc version 4.1.2 (Ubuntu 4.1.2-0ubuntu4)
configure:1966: $? = 0
configure:1968: gcc -V </dev/null >&5
gcc: '-V' option must have argument
configure:1971: $? = 1
configure:1995: checking for C compiler default output
configure:1998: gcc    conftest.c  >&5
configure:2001: $? = 0
configure:2047: result: a.out
configure:2052: checking whether the C compiler works
configure:2058: ./a.out
configure:2061: $? = 0
configure:2078: result: yes
configure:2085: checking whether we are cross compiling
configure:2087: result: no
configure:2090: checking for suffix of executables
configure:2092: gcc -o conftest    conftest.c  >&5
configure:2095: $? = 0
configure:2120: result: 
configure:2126: checking for suffix of object files
configure:2148: gcc -c   conftest.c >&5
configure:2151: $? = 0
configure:2173: result: o
configure:2177: checking whether we are using the GNU C compiler
configure:2202: gcc -c   conftest.c >&5
configure:2205: $? = 0
configure:2208: test -s conftest.o
configure:2211: $? = 0
configure:2224: result: yes
configure:2230: checking whether gcc accepts -g
configure:2252: gcc -c -g  conftest.c >&5
configure:2255: $? = 0
configure:2258: test -s conftest.o
configure:2261: $? = 0
configure:2272: result: yes
configure:2289: checking for gcc option to accept ANSI C
configure:2350: gcc  -c -g -O2  conftest.c >&5
configure:2353: $? = 0
configure:2356: test -s conftest.o
configure:2359: $? = 0
configure:2377: result: none needed
configure:2395: gcc -c -g -O2  conftest.c >&5
conftest.c:2: error: expected '=', ',', ';', 'asm' or '__attribute__' before 'me'
configure:2398: $? = 1
configure: failed program was:
| #ifndef __cplusplus
|   choke me
| #endif
configure:2517: checking for style of include used by make
configure:2545: result: GNU
configure:2573: checking dependency style of gcc
configure:2641: result: gcc3
configure:2699: checking for ranlib
configure:2715: found /usr/bin/ranlib
configure:2726: result: ranlib
configure:2740: checking for gethostbyaddr_r
configure:2790: gcc -o conftest -g -O2   conftest.c  >&5
configure:2793: $? = 0
configure:2796: test -s conftest
configure:2799: $? = 0
configure:2810: result: yes
configure:2819: checking for gethostbyname_r
configure:2869: gcc -o conftest -g -O2   conftest.c  >&5
configure:2872: $? = 0
configure:2875: test -s conftest
configure:2878: $? = 0
configure:2889: result: yes
configure:2898: checking for poll
configure:2948: gcc -o conftest -g -O2   conftest.c  >&5
configure:2951: $? = 0
configure:2954: test -s conftest
configure:2957: $? = 0
configure:2968: result: yes
configure:2977: checking for fcntl
configure:3027: gcc -o conftest -g -O2   conftest.c  >&5
configure:3030: $? = 0
configure:3033: test -s conftest
configure:3036: $? = 0
configure:3047: result: yes
configure:3057: checking for struct msghdr.msg_flags
configure:3082: gcc -c -g -O2  conftest.c >&5
configure:3085: $? = 0
configure:3088: test -s conftest.o
configure:3091: $? = 0
configure:3140: result: yes
configure:3155: checking how to run the C preprocessor
configure:3191: gcc -E  conftest.c
configure:3197: $? = 0
configure:3229: gcc -E  conftest.c
configure:3235:28: error: ac_nonexistent.h: No such file or directory
configure:3235: $? = 1
configure: failed program was:
| #line 3220 "configure"
| /* confdefs.h.  */
| 
| #define PACKAGE_NAME "libenet"
| #define PACKAGE_TARNAME "libenet"
| #define PACKAGE_VERSION "11-3-2003"
| #define PACKAGE_STRING "libenet 11-3-2003"
| #define PACKAGE_BUGREPORT ""
| #define PACKAGE "libenet.a"
| #define VERSION "11-3-2003"
| #define HAS_GETHOSTBYADDR_R 1
| #define HAS_GETHOSTBYNAME_R 1
| #define HAS_POLL 1
| #define HAS_FCNTL 1
| #define HAS_MSGHDR_FLAGS 1
| /* end confdefs.h.  */
| #include <ac_nonexistent.h>
configure:3273: result: gcc -E
configure:3298: gcc -E  conftest.c
configure:3304: $? = 0
configure:3336: gcc -E  conftest.c
configure:3342:28: error: ac_nonexistent.h: No such file or directory
configure:3342: $? = 1
configure: failed program was:
| #line 3327 "configure"
| /* confdefs.h.  */
| 
| #define PACKAGE_NAME "libenet"
| #define PACKAGE_TARNAME "libenet"
| #define PACKAGE_VERSION "11-3-2003"
| #define PACKAGE_STRING "libenet 11-3-2003"
| #define PACKAGE_BUGREPORT ""
| #define PACKAGE "libenet.a"
| #define VERSION "11-3-2003"
| #define HAS_GETHOSTBYADDR_R 1
| #define HAS_GETHOSTBYNAME_R 1
| #define HAS_POLL 1
| #define HAS_FCNTL 1
| #define HAS_MSGHDR_FLAGS 1
| /* end confdefs.h.  */
| #include <ac_nonexistent.h>
configure:3385: checking for egrep
configure:3395: result: grep -E
configure:3434:20: error: socket.h: No such file or directory
configure:3580: creating ./config.status

## ---------------------- ##
## Running config.status. ##
## ---------------------- ##

This file was extended by libenet config.status 11-3-2003, which was
generated by GNU Autoconf 2.57.  Invocation command line was

  CONFIG_FILES    = 
  CONFIG_HEADERS  = 
  CONFIG_LINKS    = 
  CONFIG_COMMANDS = 
  $ ./config.status 

on ahmed-laptop

config.status:648: creating Makefile
config.status:648: creating include/Makefile
config.status:648: creating include/enet/Makefile
config.status:773: executing depfiles commands

## ---------------- ##
## Cache variables. ##
## ---------------- ##

ac_cv_c_compiler_gnu=yes
ac_cv_env_CC_set=
ac_cv_env_CC_value=
ac_cv_env_CFLAGS_set=
ac_cv_env_CFLAGS_value=
ac_cv_env_CPPFLAGS_set=
ac_cv_env_CPPFLAGS_value=
ac_cv_env_CPP_set=
ac_cv_env_CPP_value=
ac_cv_env_LDFLAGS_set=
ac_cv_env_LDFLAGS_value=
ac_cv_env_build_alias_set=
ac_cv_env_build_alias_value=
ac_cv_env_host_alias_set=
ac_cv_env_host_alias_value=
ac_cv_env_target_alias_set=
ac_cv_env_target_alias_value=
ac_cv_exeext=
ac_cv_func_fcntl=yes
ac_cv_func_gethostbyaddr_r=yes
ac_cv_func_gethostbyname_r=yes
ac_cv_func_poll=yes
ac_cv_member_struct_msghdr_msg_flags=yes
ac_cv_objext=o
ac_cv_path_install='/usr/bin/install -c'
ac_cv_prog_AWK=mawk
ac_cv_prog_CPP='gcc -E'
ac_cv_prog_ac_ct_CC=gcc
ac_cv_prog_ac_ct_RANLIB=ranlib
ac_cv_prog_cc_g=yes
ac_cv_prog_cc_stdc=
ac_cv_prog_egrep='grep -E'
ac_cv_prog_make_make_set=yes
am_cv_CC_dependencies_compiler_type=gcc3

## ----------------- ##
## Output variables. ##
## ----------------- ##

ACLOCAL='aclocal-1.7'
AMDEPBACKSLASH='\'
AMDEP_FALSE='#'
AMDEP_TRUE=''
AMTAR='tar'
AUTOCONF='autoconf'
AUTOHEADER='autoheader'
AUTOMAKE='automake-1.7'
AWK='mawk'
CC='gcc'
CCDEPMODE='depmode=gcc3'
CFLAGS='-g -O2'
CPP='gcc -E'
CPPFLAGS=''
CYGPATH_W='echo'
DEFS='-DPACKAGE_NAME=\"libenet\" -DPACKAGE_TARNAME=\"libenet\" -DPACKAGE_VERSION=\"11-3-2003\" -DPACKAGE_STRING=\"libenet\ 11-3-2003\" -DPACKAGE_BUGREPORT=\"\" -DPACKAGE=\"libenet.a\" -DVERSION=\"11-3-2003\" -DHAS_GETHOSTBYADDR_R=1 -DHAS_GETHOSTBYNAME_R=1 -DHAS_POLL=1 -DHAS_FCNTL=1 -DHAS_MSGHDR_FLAGS=1 '
DEPDIR='.deps'
ECHO_C=''
ECHO_N='-n'
ECHO_T=''
EGREP='grep -E'
EXEEXT=''
INSTALL_DATA='${INSTALL} -m 644'
INSTALL_PROGRAM='${INSTALL}'
INSTALL_SCRIPT='${INSTALL}'
INSTALL_STRIP_PROGRAM='${SHELL} $(install_sh) -c -s'
LDFLAGS=''
LIBOBJS=''
LIBS=''
LTLIBOBJS=''
MAKEINFO='makeinfo'
OBJEXT='o'
PACKAGE='libenet.a'
PACKAGE_BUGREPORT=''
PACKAGE_NAME='libenet'
PACKAGE_STRING='libenet 11-3-2003'
PACKAGE_TARNAME='libenet'
PACKAGE_VERSION='11-3-2003'
PATH_SEPARATOR=':'
RANLIB='ranlib'
SET_MAKE=''
SHELL='/bin/bash'
STRIP=''
VERSION='11-3-2003'
ac_ct_CC='gcc'
ac_ct_RANLIB='ranlib'
ac_ct_STRIP=''
am__fastdepCC_FALSE='#'
am__fastdepCC_TRUE=''
am__include='include'
am__leading_dot='.'
am__quote=''
bindir='${exec_prefix}/bin'
build_alias=''
datadir='${prefix}/share'
exec_prefix='${prefix}'
host_alias=''
includedir='${prefix}/include'
infodir='${prefix}/info'
install_sh='/home/halfdemon/irrNetLite V2.0/irrNetLite/source/enet/install-sh'
libdir='${exec_prefix}/lib'
libexecdir='${exec_prefix}/libexec'
localstatedir='${prefix}/var'
mandir='${prefix}/man'
oldincludedir='/usr/include'
prefix='/usr/local'
program_transform_name='s,x,x,'
sbindir='${exec_prefix}/sbin'
sharedstatedir='${prefix}/com'
sysconfdir='${prefix}/etc'
target_alias=''

## ----------- ##
## confdefs.h. ##
## ----------- ##

#define HAS_FCNTL 1
#define HAS_GETHOSTBYADDR_R 1
#define HAS_GETHOSTBYNAME_R 1
#define HAS_MSGHDR_FLAGS 1
#define HAS_POLL 1
#define PACKAGE "libenet.a"
#define PACKAGE_BUGREPORT ""
#define PACKAGE_NAME "libenet"
#define PACKAGE_STRING "libenet 11-3-2003"
#define PACKAGE_TARNAME "libenet"
#define PACKAGE_VERSION "11-3-2003"
#define VERSION "11-3-2003"

configure: exit 0
